# JRE version: OpenJDK Runtime Environment Temurin-21.0.7+6 (21.0.7+6) (build 21.0.7+6-LTS)
# Java VM: OpenJDK 64-Bit Server VM Temurin-21.0.7+6 (21.0.7+6-LTS, mixed mode, sharing, tiered, compressed oops, compressed class ptrs, parallel gc, windows-amd64)
GC Precious Log:
 CardTable entry size: 512
 CPUs: 4 total, 4 available
 Memory: 3891M
 Large Page Support: Disabled
 NUMA Support: Disabled
 Compressed Oops: Enabled (32-bit)
 Alignments: Space 512K, Generation 512K, Heap 2M
 Heap Min Capacity: 100M
 Heap Initial Capacity: 100M
 Heap Max Capacity: 1G
 Pre-touch: Disabled
 Parallel Workers: 4
Heap:
 PSYoungGen      total 3072K, used 160K [0x00000000eab00000, 0x00000000eaf00000, 0x0000000100000000)
  eden space 2560K, 0% used [0x00000000eab00000,0x00000000eab00050,0x00000000ead80000)
  from space 512K, 31% used [0x00000000eae80000,0x00000000eaea8000,0x00000000eaf00000)
  to   space 512K, 0% used [0x00000000ead80000,0x00000000ead80000,0x00000000eae00000)
 ParOldGen       total 274944K, used 274560K [0x00000000c0000000, 0x00000000d0c80000, 0x00000000eab00000)
  object space 274944K, 99% used [0x00000000c0000000,0x00000000d0c20308,0x00000000d0c80000)
 Metaspace       used 64557K, committed 66112K, reserved 1114112K
  class space    used 6609K, committed 7296K, reserved 1048576K
GC Heap History (20 events):
Event: 98.011 GC heap before
{Heap before GC invocations=335 (full 3):
 PSYoungGen      total 3072K, used 2720K [0x00000000eab00000, 0x00000000eaf00000, 0x0000000100000000)
  eden space 2560K, 100% used [0x00000000eab00000,0x00000000ead80000,0x00000000ead80000)
  from space 512K, 31% used [0x00000000ead80000,0x00000000eada8000,0x00000000eae00000)
  to   space 512K, 0% used [0x00000000eae80000,0x00000000eae80000,0x00000000eaf00000)
 ParOldGen       total 271872K, used 271648K [0x00000000c0000000, 0x00000000d0980000, 0x00000000eab00000)
  object space 271872K, 99% used [0x00000000c0000000,0x00000000d09481e0,0x00000000d0980000)
 Metaspace       used 64551K, committed 66112K, reserved 1114112K
  class space    used 6609K, committed 7296K, reserved 1048576K
}
Event: 98.019 GC heap after
{Heap after GC invocations=335 (full 3):
 PSYoungGen      total 3072K, used 288K [0x00000000eab00000, 0x00000000eaf00000, 0x0000000100000000)
  eden space 2560K, 0% used [0x00000000eab00000,0x00000000eab00000,0x00000000ead80000)
  from space 512K, 56% used [0x00000000eae80000,0x00000000eaec8000,0x00000000eaf00000)
  to   space 512K, 0% used [0x00000000ead80000,0x00000000ead80000,0x00000000eae00000)
 ParOldGen       total 271872K, used 271753K [0x00000000c0000000, 0x00000000d0980000, 0x00000000eab00000)
  object space 271872K, 99% used [0x00000000c0000000,0x00000000d0962650,0x00000000d0980000)
 Metaspace       used 64551K, committed 66112K, reserved 1114112K
  class space    used 6609K, committed 7296K, reserved 1048576K
}
Event: 98.078 GC heap before
{Heap before GC invocations=336 (full 3):
 PSYoungGen      total 3072K, used 2848K [0x00000000eab00000, 0x00000000eaf00000, 0x0000000100000000)
  eden space 2560K, 100% used [0x00000000eab00000,0x00000000ead80000,0x00000000ead80000)
  from space 512K, 56% used [0x00000000eae80000,0x00000000eaec8000,0x00000000eaf00000)
  to   space 512K, 0% used [0x00000000ead80000,0x00000000ead80000,0x00000000eae00000)
 ParOldGen       total 271872K, used 271753K [0x00000000c0000000, 0x00000000d0980000, 0x00000000eab00000)
  object space 271872K, 99% used [0x00000000c0000000,0x00000000d0962650,0x00000000d0980000)
 Metaspace       used 64551K, committed 66112K, reserved 1114112K
  class space    used 6609K, committed 7296K, reserved 1048576K
}
Event: 98.082 GC heap after
{Heap after GC invocations=336 (full 3):
 PSYoungGen      total 3072K, used 309K [0x00000000eab00000, 0x00000000eaf00000, 0x0000000100000000)
  eden space 2560K, 0% used [0x00000000eab00000,0x00000000eab00000,0x00000000ead80000)
  from space 512K, 60% used [0x00000000ead80000,0x00000000eadcd610,0x00000000eae00000)
  to   space 512K, 0% used [0x00000000eae80000,0x00000000eae80000,0x00000000eaf00000)
 ParOldGen       total 272384K, used 271988K [0x00000000c0000000, 0x00000000d0a00000, 0x00000000eab00000)
  object space 272384K, 99% used [0x00000000c0000000,0x00000000d099d090,0x00000000d0a00000)
 Metaspace       used 64551K, committed 66112K, reserved 1114112K
  class space    used 6609K, committed 7296K, reserved 1048576K
}
Event: 98.143 GC heap before
{Heap before GC invocations=337 (full 3):
 PSYoungGen      total 3072K, used 2869K [0x00000000eab00000, 0x00000000eaf00000, 0x0000000100000000)
  eden space 2560K, 100% used [0x00000000eab00000,0x00000000ead80000,0x00000000ead80000)
  from space 512K, 60% used [0x00000000ead80000,0x00000000eadcd610,0x00000000eae00000)
  to   space 512K, 0% used [0x00000000eae80000,0x00000000eae80000,0x00000000eaf00000)
 ParOldGen       total 272384K, used 271988K [0x00000000c0000000, 0x00000000d0a00000, 0x00000000eab00000)
  object space 272384K, 99% used [0x00000000c0000000,0x00000000d099d090,0x00000000d0a00000)
 Metaspace       used 64551K, committed 66112K, reserved 1114112K
  class space    used 6609K, committed 7296K, reserved 1048576K
}
Event: 98.146 GC heap after
{Heap after GC invocations=337 (full 3):
 PSYoungGen      total 3072K, used 224K [0x00000000eab00000, 0x00000000eaf00000, 0x0000000100000000)
  eden space 2560K, 0% used [0x00000000eab00000,0x00000000eab00000,0x00000000ead80000)
  from space 512K, 43% used [0x00000000eae80000,0x00000000eaeb8000,0x00000000eaf00000)
  to   space 512K, 0% used [0x00000000ead80000,0x00000000ead80000,0x00000000eae00000)
 ParOldGen       total 272384K, used 272185K [0x00000000c0000000, 0x00000000d0a00000, 0x00000000eab00000)
  object space 272384K, 99% used [0x00000000c0000000,0x00000000d09ce710,0x00000000d0a00000)
 Metaspace       used 64551K, committed 66112K, reserved 1114112K
  class space    used 6609K, committed 7296K, reserved 1048576K
}
Event: 98.409 GC heap before
{Heap before GC invocations=338 (full 3):
 PSYoungGen      total 3072K, used 2784K [0x00000000eab00000, 0x00000000eaf00000, 0x0000000100000000)
  eden space 2560K, 100% used [0x00000000eab00000,0x00000000ead80000,0x00000000ead80000)
  from space 512K, 43% used [0x00000000eae80000,0x00000000eaeb8000,0x00000000eaf00000)
  to   space 512K, 0% used [0x00000000ead80000,0x00000000ead80000,0x00000000eae00000)
 ParOldGen       total 272384K, used 272185K [0x00000000c0000000, 0x00000000d0a00000, 0x00000000eab00000)
  object space 272384K, 99% used [0x00000000c0000000,0x00000000d09ce710,0x00000000d0a00000)
 Metaspace       used 64551K, committed 66112K, reserved 1114112K
  class space    used 6609K, committed 7296K, reserved 1048576K
}
Event: 98.412 GC heap after
{Heap after GC invocations=338 (full 3):
 PSYoungGen      total 3072K, used 478K [0x00000000eab00000, 0x00000000eaf80000, 0x0000000100000000)
  eden space 2560K, 0% used [0x00000000eab00000,0x00000000eab00000,0x00000000ead80000)
  from space 512K, 93% used [0x00000000ead80000,0x00000000eadf7a28,0x00000000eae00000)
  to   space 1024K, 0% used [0x00000000eae80000,0x00000000eae80000,0x00000000eaf80000)
 ParOldGen       total 272384K, used 272334K [0x00000000c0000000, 0x00000000d0a00000, 0x00000000eab00000)
  object space 272384K, 99% used [0x00000000c0000000,0x00000000d09f3ae8,0x00000000d0a00000)
 Metaspace       used 64551K, committed 66112K, reserved 1114112K
  class space    used 6609K, committed 7296K, reserved 1048576K
}
Event: 98.425 GC heap before
{Heap before GC invocations=339 (full 3):
 PSYoungGen      total 3072K, used 3038K [0x00000000eab00000, 0x00000000eaf80000, 0x0000000100000000)
  eden space 2560K, 100% used [0x00000000eab00000,0x00000000ead80000,0x00000000ead80000)
  from space 512K, 93% used [0x00000000ead80000,0x00000000eadf7a28,0x00000000eae00000)
  to   space 1024K, 0% used [0x00000000eae80000,0x00000000eae80000,0x00000000eaf80000)
 ParOldGen       total 272384K, used 272334K [0x00000000c0000000, 0x00000000d0a00000, 0x00000000eab00000)
  object space 272384K, 99% used [0x00000000c0000000,0x00000000d09f3ae8,0x00000000d0a00000)
 Metaspace       used 64551K, committed 66112K, reserved 1114112K
  class space    used 6609K, committed 7296K, reserved 1048576K
}
Event: 98.433 GC heap after
{Heap after GC invocations=339 (full 3):
 PSYoungGen      total 3072K, used 160K [0x00000000eab00000, 0x00000000eaf00000, 0x0000000100000000)
  eden space 2560K, 0% used [0x00000000eab00000,0x00000000eab00000,0x00000000ead80000)
  from space 512K, 31% used [0x00000000eae80000,0x00000000eaea8000,0x00000000eaf00000)
  to   space 512K, 0% used [0x00000000ead80000,0x00000000ead80000,0x00000000eae00000)
 ParOldGen       total 272896K, used 272779K [0x00000000c0000000, 0x00000000d0a80000, 0x00000000eab00000)
  object space 272896K, 99% used [0x00000000c0000000,0x00000000d0a62da8,0x00000000d0a80000)
 Metaspace       used 64551K, committed 66112K, reserved 1114112K
  class space    used 6609K, committed 7296K, reserved 1048576K
}
Event: 98.460 GC heap before
{Heap before GC invocations=340 (full 3):
 PSYoungGen      total 3072K, used 2719K [0x00000000eab00000, 0x00000000eaf00000, 0x0000000100000000)
  eden space 2560K, 99% used [0x00000000eab00000,0x00000000ead7fff8,0x00000000ead80000)
  from space 512K, 31% used [0x00000000eae80000,0x00000000eaea8000,0x00000000eaf00000)
  to   space 512K, 0% used [0x00000000ead80000,0x00000000ead80000,0x00000000eae00000)
 ParOldGen       total 272896K, used 272779K [0x00000000c0000000, 0x00000000d0a80000, 0x00000000eab00000)
  object space 272896K, 99% used [0x00000000c0000000,0x00000000d0a62da8,0x00000000d0a80000)
 Metaspace       used 64557K, committed 66112K, reserved 1114112K
  class space    used 6609K, committed 7296K, reserved 1048576K
}
Event: 98.462 GC heap after
{Heap after GC invocations=340 (full 3):
 PSYoungGen      total 3072K, used 192K [0x00000000eab00000, 0x00000000eaf00000, 0x0000000100000000)
  eden space 2560K, 0% used [0x00000000eab00000,0x00000000eab00000,0x00000000ead80000)
  from space 512K, 37% used [0x00000000ead80000,0x00000000eadb0000,0x00000000eae00000)
  to   space 512K, 0% used [0x00000000eae80000,0x00000000eae80000,0x00000000eaf00000)
 ParOldGen       total 272896K, used 272859K [0x00000000c0000000, 0x00000000d0a80000, 0x00000000eab00000)
  object space 272896K, 99% used [0x00000000c0000000,0x00000000d0a76da8,0x00000000d0a80000)
 Metaspace       used 64557K, committed 66112K, reserved 1114112K
  class space    used 6609K, committed 7296K, reserved 1048576K
}
Event: 98.518 GC heap before
{Heap before GC invocations=341 (full 3):
 PSYoungGen      total 3072K, used 2752K [0x00000000eab00000, 0x00000000eaf00000, 0x0000000100000000)
  eden space 2560K, 100% used [0x00000000eab00000,0x00000000ead80000,0x00000000ead80000)
  from space 512K, 37% used [0x00000000ead80000,0x00000000eadb0000,0x00000000eae00000)
  to   space 512K, 0% used [0x00000000eae80000,0x00000000eae80000,0x00000000eaf00000)
 ParOldGen       total 272896K, used 272859K [0x00000000c0000000, 0x00000000d0a80000, 0x00000000eab00000)
  object space 272896K, 99% used [0x00000000c0000000,0x00000000d0a76da8,0x00000000d0a80000)
 Metaspace       used 64557K, committed 66112K, reserved 1114112K
  class space    used 6609K, committed 7296K, reserved 1048576K
}
Event: 98.520 GC heap after
{Heap after GC invocations=341 (full 3):
 PSYoungGen      total 3072K, used 430K [0x00000000eab00000, 0x00000000eaf00000, 0x0000000100000000)
  eden space 2560K, 0% used [0x00000000eab00000,0x00000000eab00000,0x00000000ead80000)
  from space 512K, 84% used [0x00000000eae80000,0x00000000eaeebaa8,0x00000000eaf00000)
  to   space 512K, 0% used [0x00000000ead80000,0x00000000ead80000,0x00000000eae00000)
 ParOldGen       total 273408K, used 273019K [0x00000000c0000000, 0x00000000d0b00000, 0x00000000eab00000)
  object space 273408K, 99% used [0x00000000c0000000,0x00000000d0a9ecf0,0x00000000d0b00000)
 Metaspace       used 64557K, committed 66112K, reserved 1114112K
  class space    used 6609K, committed 7296K, reserved 1048576K
}
Event: 98.533 GC heap before
{Heap before GC invocations=342 (full 3):
 PSYoungGen      total 3072K, used 2990K [0x00000000eab00000, 0x00000000eaf00000, 0x0000000100000000)
  eden space 2560K, 100% used [0x00000000eab00000,0x00000000ead80000,0x00000000ead80000)
  from space 512K, 84% used [0x00000000eae80000,0x00000000eaeebaa8,0x00000000eaf00000)
  to   space 512K, 0% used [0x00000000ead80000,0x00000000ead80000,0x00000000eae00000)
 ParOldGen       total 273408K, used 273019K [0x00000000c0000000, 0x00000000d0b00000, 0x00000000eab00000)
  object space 273408K, 99% used [0x00000000c0000000,0x00000000d0a9ecf0,0x00000000d0b00000)
 Metaspace       used 64557K, committed 66112K, reserved 1114112K
  class space    used 6609K, committed 7296K, reserved 1048576K
}
Event: 98.535 GC heap after
{Heap after GC invocations=342 (full 3):
 PSYoungGen      total 3072K, used 128K [0x00000000eab00000, 0x00000000eaf00000, 0x0000000100000000)
  eden space 2560K, 0% used [0x00000000eab00000,0x00000000eab00000,0x00000000ead80000)
  from space 512K, 25% used [0x00000000ead80000,0x00000000eada0000,0x00000000eae00000)
  to   space 512K, 0% used [0x00000000eae80000,0x00000000eae80000,0x00000000eaf00000)
 ParOldGen       total 273408K, used 273379K [0x00000000c0000000, 0x00000000d0b00000, 0x00000000eab00000)
  object space 273408K, 99% used [0x00000000c0000000,0x00000000d0af8fa0,0x00000000d0b00000)
 Metaspace       used 64557K, committed 66112K, reserved 1114112K
  class space    used 6609K, committed 7296K, reserved 1048576K
}
Event: 98.548 GC heap before
{Heap before GC invocations=343 (full 3):
 PSYoungGen      total 3072K, used 2688K [0x00000000eab00000, 0x00000000eaf00000, 0x0000000100000000)
  eden space 2560K, 100% used [0x00000000eab00000,0x00000000ead80000,0x00000000ead80000)
  from space 512K, 25% used [0x00000000ead80000,0x00000000eada0000,0x00000000eae00000)
  to   space 512K, 0% used [0x00000000eae80000,0x00000000eae80000,0x00000000eaf00000)
 ParOldGen       total 273408K, used 273379K [0x00000000c0000000, 0x00000000d0b00000, 0x00000000eab00000)
  object space 273408K, 99% used [0x00000000c0000000,0x00000000d0af8fa0,0x00000000d0b00000)
 Metaspace       used 64557K, committed 66112K, reserved 1114112K
  class space    used 6609K, committed 7296K, reserved 1048576K
}
Event: 98.550 GC heap after
{Heap after GC invocations=343 (full 3):
 PSYoungGen      total 3072K, used 128K [0x00000000eab00000, 0x00000000eaf00000, 0x0000000100000000)
  eden space 2560K, 0% used [0x00000000eab00000,0x00000000eab00000,0x00000000ead80000)
  from space 512K, 25% used [0x00000000eae80000,0x00000000eaea0000,0x00000000eaf00000)
  to   space 512K, 0% used [0x00000000ead80000,0x00000000ead80000,0x00000000eae00000)
 ParOldGen       total 273920K, used 273459K [0x00000000c0000000, 0x00000000d0b80000, 0x00000000eab00000)
  object space 273920K, 99% used [0x00000000c0000000,0x00000000d0b0cfa0,0x00000000d0b80000)
 Metaspace       used 64557K, committed 66112K, reserved 1114112K
  class space    used 6609K, committed 7296K, reserved 1048576K
}
Event: 98.562 GC heap before
{Heap before GC invocations=344 (full 3):
 PSYoungGen      total 3072K, used 2687K [0x00000000eab00000, 0x00000000eaf00000, 0x0000000100000000)
  eden space 2560K, 99% used [0x00000000eab00000,0x00000000ead7ffd8,0x00000000ead80000)
  from space 512K, 25% used [0x00000000eae80000,0x00000000eaea0000,0x00000000eaf00000)
  to   space 512K, 0% used [0x00000000ead80000,0x00000000ead80000,0x00000000eae00000)
 ParOldGen       total 273920K, used 273459K [0x00000000c0000000, 0x00000000d0b80000, 0x00000000eab00000)
  object space 273920K, 99% used [0x00000000c0000000,0x00000000d0b0cfa0,0x00000000d0b80000)
 Metaspace       used 64557K, committed 66112K, reserved 1114112K
  class space    used 6609K, committed 7296K, reserved 1048576K
}
Event: 98.565 GC heap after
{Heap after GC invocations=344 (full 3):
 PSYoungGen      total 3072K, used 369K [0x00000000eab00000, 0x00000000eaf00000, 0x0000000100000000)
  eden space 2560K, 0% used [0x00000000eab00000,0x00000000eab00000,0x00000000ead80000)
  from space 512K, 72% used [0x00000000ead80000,0x00000000eaddc400,0x00000000eae00000)
  to   space 512K, 0% used [0x00000000eae80000,0x00000000eae80000,0x00000000eaf00000)
 ParOldGen       total 273920K, used 273531K [0x00000000c0000000, 0x00000000d0b80000, 0x00000000eab00000)
  object space 273920K, 99% used [0x00000000c0000000,0x00000000d0b1efa0,0x00000000d0b80000)
 Metaspace       used 64557K, committed 66112K, reserved 1114112K
  class space    used 6609K, committed 7296K, reserved 1048576K
}

