# JRE version: OpenJDK Runtime Environment Temurin-21.0.7+6 (21.0.7+6) (build 21.0.7+6-LTS)
# Java VM: OpenJDK 64-Bit Server VM Temurin-21.0.7+6 (21.0.7+6-LTS, mixed mode, sharing, tiered, compressed oops, compressed class ptrs, parallel gc, windows-amd64)
GC Precious Log:
 CardTable entry size: 512
 CPUs: 4 total, 4 available
 Memory: 3891M
 Large Page Support: Disabled
 NUMA Support: Disabled
 Compressed Oops: Enabled (32-bit)
 Alignments: Space 512K, Generation 512K, Heap 2M
 Heap Min Capacity: 100M
 Heap Initial Capacity: 100M
 Heap Max Capacity: 1G
 Pre-touch: Disabled
 Parallel Workers: 4
Heap:
 PSYoungGen      total 4096K, used 3882K [0x00000000eab00000, 0x00000000eb000000, 0x0000000100000000)
  eden space 3072K, 100% used [0x00000000eab00000,0x00000000eae00000,0x00000000eae00000)
  from space 1024K, 79% used [0x00000000eae00000,0x00000000eaeca988,0x00000000eaf00000)
  to   space 1024K, 71% used [0x00000000eaf00000,0x00000000eafb6058,0x00000000eb000000)
 ParOldGen       total 230912K, used 230561K [0x00000000c0000000, 0x00000000ce180000, 0x00000000eab00000)
  object space 230912K, 99% used [0x00000000c0000000,0x00000000ce128720,0x00000000ce180000)
 Metaspace       used 63663K, committed 65088K, reserved 1114112K
  class space    used 6509K, committed 7168K, reserved 1048576K
GC Heap History (20 events):
Event: 75.534 GC heap before
{Heap before GC invocations=285 (full 3):
 PSYoungGen      total 4096K, used 3697K [0x00000000eab00000, 0x00000000eb000000, 0x0000000100000000)
  eden space 3072K, 100% used [0x00000000eab00000,0x00000000eae00000,0x00000000eae00000)
  from space 1024K, 61% used [0x00000000eae00000,0x00000000eae9c790,0x00000000eaf00000)
  to   space 1024K, 0% used [0x00000000eaf00000,0x00000000eaf00000,0x00000000eb000000)
 ParOldGen       total 221696K, used 221206K [0x00000000c0000000, 0x00000000cd880000, 0x00000000eab00000)
  object space 221696K, 99% used [0x00000000c0000000,0x00000000cd8058b8,0x00000000cd880000)
 Metaspace       used 63648K, committed 65088K, reserved 1114112K
  class space    used 6507K, committed 7168K, reserved 1048576K
}
Event: 75.537 GC heap after
{Heap after GC invocations=285 (full 3):
 PSYoungGen      total 4096K, used 850K [0x00000000eab00000, 0x00000000eb000000, 0x0000000100000000)
  eden space 3072K, 0% used [0x00000000eab00000,0x00000000eab00000,0x00000000eae00000)
  from space 1024K, 83% used [0x00000000eaf00000,0x00000000eafd49c0,0x00000000eb000000)
  to   space 1024K, 0% used [0x00000000eae00000,0x00000000eae00000,0x00000000eaf00000)
 ParOldGen       total 222208K, used 221807K [0x00000000c0000000, 0x00000000cd900000, 0x00000000eab00000)
  object space 222208K, 99% used [0x00000000c0000000,0x00000000cd89bef8,0x00000000cd900000)
 Metaspace       used 63648K, committed 65088K, reserved 1114112K
  class space    used 6507K, committed 7168K, reserved 1048576K
}
Event: 75.551 GC heap before
{Heap before GC invocations=286 (full 3):
 PSYoungGen      total 4096K, used 3922K [0x00000000eab00000, 0x00000000eb000000, 0x0000000100000000)
  eden space 3072K, 100% used [0x00000000eab00000,0x00000000eae00000,0x00000000eae00000)
  from space 1024K, 83% used [0x00000000eaf00000,0x00000000eafd49c0,0x00000000eb000000)
  to   space 1024K, 0% used [0x00000000eae00000,0x00000000eae00000,0x00000000eaf00000)
 ParOldGen       total 222208K, used 221807K [0x00000000c0000000, 0x00000000cd900000, 0x00000000eab00000)
  object space 222208K, 99% used [0x00000000c0000000,0x00000000cd89bef8,0x00000000cd900000)
 Metaspace       used 63648K, committed 65088K, reserved 1114112K
  class space    used 6507K, committed 7168K, reserved 1048576K
}
Event: 75.553 GC heap after
{Heap after GC invocations=286 (full 3):
 PSYoungGen      total 4096K, used 814K [0x00000000eab00000, 0x00000000eb000000, 0x0000000100000000)
  eden space 3072K, 0% used [0x00000000eab00000,0x00000000eab00000,0x00000000eae00000)
  from space 1024K, 79% used [0x00000000eae00000,0x00000000eaecb920,0x00000000eaf00000)
  to   space 1024K, 0% used [0x00000000eaf00000,0x00000000eaf00000,0x00000000eb000000)
 ParOldGen       total 222720K, used 222578K [0x00000000c0000000, 0x00000000cd980000, 0x00000000eab00000)
  object space 222720K, 99% used [0x00000000c0000000,0x00000000cd95c9c8,0x00000000cd980000)
 Metaspace       used 63648K, committed 65088K, reserved 1114112K
  class space    used 6507K, committed 7168K, reserved 1048576K
}
Event: 75.563 GC heap before
{Heap before GC invocations=287 (full 3):
 PSYoungGen      total 4096K, used 3886K [0x00000000eab00000, 0x00000000eb000000, 0x0000000100000000)
  eden space 3072K, 100% used [0x00000000eab00000,0x00000000eae00000,0x00000000eae00000)
  from space 1024K, 79% used [0x00000000eae00000,0x00000000eaecb920,0x00000000eaf00000)
  to   space 1024K, 0% used [0x00000000eaf00000,0x00000000eaf00000,0x00000000eb000000)
 ParOldGen       total 222720K, used 222578K [0x00000000c0000000, 0x00000000cd980000, 0x00000000eab00000)
  object space 222720K, 99% used [0x00000000c0000000,0x00000000cd95c9c8,0x00000000cd980000)
 Metaspace       used 63648K, committed 65088K, reserved 1114112K
  class space    used 6507K, committed 7168K, reserved 1048576K
}
Event: 75.567 GC heap after
{Heap after GC invocations=287 (full 3):
 PSYoungGen      total 4096K, used 860K [0x00000000eab00000, 0x00000000eb000000, 0x0000000100000000)
  eden space 3072K, 0% used [0x00000000eab00000,0x00000000eab00000,0x00000000eae00000)
  from space 1024K, 84% used [0x00000000eaf00000,0x00000000eafd7120,0x00000000eb000000)
  to   space 1024K, 0% used [0x00000000eae00000,0x00000000eae00000,0x00000000eaf00000)
 ParOldGen       total 223744K, used 223327K [0x00000000c0000000, 0x00000000cda80000, 0x00000000eab00000)
  object space 223744K, 99% used [0x00000000c0000000,0x00000000cda17cf8,0x00000000cda80000)
 Metaspace       used 63648K, committed 65088K, reserved 1114112K
  class space    used 6507K, committed 7168K, reserved 1048576K
}
Event: 75.588 GC heap before
{Heap before GC invocations=288 (full 3):
 PSYoungGen      total 4096K, used 3932K [0x00000000eab00000, 0x00000000eb000000, 0x0000000100000000)
  eden space 3072K, 100% used [0x00000000eab00000,0x00000000eae00000,0x00000000eae00000)
  from space 1024K, 84% used [0x00000000eaf00000,0x00000000eafd7120,0x00000000eb000000)
  to   space 1024K, 0% used [0x00000000eae00000,0x00000000eae00000,0x00000000eaf00000)
 ParOldGen       total 223744K, used 223327K [0x00000000c0000000, 0x00000000cda80000, 0x00000000eab00000)
  object space 223744K, 99% used [0x00000000c0000000,0x00000000cda17cf8,0x00000000cda80000)
 Metaspace       used 63648K, committed 65088K, reserved 1114112K
  class space    used 6507K, committed 7168K, reserved 1048576K
}
Event: 75.590 GC heap after
{Heap after GC invocations=288 (full 3):
 PSYoungGen      total 4096K, used 753K [0x00000000eab00000, 0x00000000eb000000, 0x0000000100000000)
  eden space 3072K, 0% used [0x00000000eab00000,0x00000000eab00000,0x00000000eae00000)
  from space 1024K, 73% used [0x00000000eae00000,0x00000000eaebc728,0x00000000eaf00000)
  to   space 1024K, 0% used [0x00000000eaf00000,0x00000000eaf00000,0x00000000eb000000)
 ParOldGen       total 224256K, used 224125K [0x00000000c0000000, 0x00000000cdb00000, 0x00000000eab00000)
  object space 224256K, 99% used [0x00000000c0000000,0x00000000cdadf460,0x00000000cdb00000)
 Metaspace       used 63648K, committed 65088K, reserved 1114112K
  class space    used 6507K, committed 7168K, reserved 1048576K
}
Event: 75.665 GC heap before
{Heap before GC invocations=289 (full 3):
 PSYoungGen      total 4096K, used 3825K [0x00000000eab00000, 0x00000000eb000000, 0x0000000100000000)
  eden space 3072K, 100% used [0x00000000eab00000,0x00000000eae00000,0x00000000eae00000)
  from space 1024K, 73% used [0x00000000eae00000,0x00000000eaebc728,0x00000000eaf00000)
  to   space 1024K, 0% used [0x00000000eaf00000,0x00000000eaf00000,0x00000000eb000000)
 ParOldGen       total 224256K, used 224125K [0x00000000c0000000, 0x00000000cdb00000, 0x00000000eab00000)
  object space 224256K, 99% used [0x00000000c0000000,0x00000000cdadf460,0x00000000cdb00000)
 Metaspace       used 63649K, committed 65088K, reserved 1114112K
  class space    used 6507K, committed 7168K, reserved 1048576K
}
Event: 75.668 GC heap after
{Heap after GC invocations=289 (full 3):
 PSYoungGen      total 4096K, used 742K [0x00000000eab00000, 0x00000000eb000000, 0x0000000100000000)
  eden space 3072K, 0% used [0x00000000eab00000,0x00000000eab00000,0x00000000eae00000)
  from space 1024K, 72% used [0x00000000eaf00000,0x00000000eafb9a68,0x00000000eb000000)
  to   space 1024K, 0% used [0x00000000eae00000,0x00000000eae00000,0x00000000eaf00000)
 ParOldGen       total 225280K, used 224821K [0x00000000c0000000, 0x00000000cdc00000, 0x00000000eab00000)
  object space 225280K, 99% used [0x00000000c0000000,0x00000000cdb8d620,0x00000000cdc00000)
 Metaspace       used 63649K, committed 65088K, reserved 1114112K
  class space    used 6507K, committed 7168K, reserved 1048576K
}
Event: 75.680 GC heap before
{Heap before GC invocations=290 (full 3):
 PSYoungGen      total 4096K, used 3814K [0x00000000eab00000, 0x00000000eb000000, 0x0000000100000000)
  eden space 3072K, 100% used [0x00000000eab00000,0x00000000eae00000,0x00000000eae00000)
  from space 1024K, 72% used [0x00000000eaf00000,0x00000000eafb9a68,0x00000000eb000000)
  to   space 1024K, 0% used [0x00000000eae00000,0x00000000eae00000,0x00000000eaf00000)
 ParOldGen       total 225280K, used 224821K [0x00000000c0000000, 0x00000000cdc00000, 0x00000000eab00000)
  object space 225280K, 99% used [0x00000000c0000000,0x00000000cdb8d620,0x00000000cdc00000)
 Metaspace       used 63649K, committed 65088K, reserved 1114112K
  class space    used 6507K, committed 7168K, reserved 1048576K
}
Event: 75.682 GC heap after
{Heap after GC invocations=290 (full 3):
 PSYoungGen      total 4096K, used 726K [0x00000000eab00000, 0x00000000eb000000, 0x0000000100000000)
  eden space 3072K, 0% used [0x00000000eab00000,0x00000000eab00000,0x00000000eae00000)
  from space 1024K, 70% used [0x00000000eae00000,0x00000000eaeb5bb0,0x00000000eaf00000)
  to   space 1024K, 0% used [0x00000000eaf00000,0x00000000eaf00000,0x00000000eb000000)
 ParOldGen       total 225792K, used 225542K [0x00000000c0000000, 0x00000000cdc80000, 0x00000000eab00000)
  object space 225792K, 99% used [0x00000000c0000000,0x00000000cdc41910,0x00000000cdc80000)
 Metaspace       used 63649K, committed 65088K, reserved 1114112K
  class space    used 6507K, committed 7168K, reserved 1048576K
}
Event: 75.697 GC heap before
{Heap before GC invocations=291 (full 3):
 PSYoungGen      total 4096K, used 3798K [0x00000000eab00000, 0x00000000eb000000, 0x0000000100000000)
  eden space 3072K, 100% used [0x00000000eab00000,0x00000000eae00000,0x00000000eae00000)
  from space 1024K, 70% used [0x00000000eae00000,0x00000000eaeb5bb0,0x00000000eaf00000)
  to   space 1024K, 0% used [0x00000000eaf00000,0x00000000eaf00000,0x00000000eb000000)
 ParOldGen       total 225792K, used 225542K [0x00000000c0000000, 0x00000000cdc80000, 0x00000000eab00000)
  object space 225792K, 99% used [0x00000000c0000000,0x00000000cdc41910,0x00000000cdc80000)
 Metaspace       used 63649K, committed 65088K, reserved 1114112K
  class space    used 6507K, committed 7168K, reserved 1048576K
}
Event: 75.700 GC heap after
{Heap after GC invocations=291 (full 3):
 PSYoungGen      total 4096K, used 818K [0x00000000eab00000, 0x00000000eb000000, 0x0000000100000000)
  eden space 3072K, 0% used [0x00000000eab00000,0x00000000eab00000,0x00000000eae00000)
  from space 1024K, 79% used [0x00000000eaf00000,0x00000000eafcc980,0x00000000eb000000)
  to   space 1024K, 0% used [0x00000000eae00000,0x00000000eae00000,0x00000000eaf00000)
 ParOldGen       total 226304K, used 226199K [0x00000000c0000000, 0x00000000cdd00000, 0x00000000eab00000)
  object space 226304K, 99% used [0x00000000c0000000,0x00000000cdce5df0,0x00000000cdd00000)
 Metaspace       used 63649K, committed 65088K, reserved 1114112K
  class space    used 6507K, committed 7168K, reserved 1048576K
}
Event: 75.737 GC heap before
{Heap before GC invocations=292 (full 3):
 PSYoungGen      total 4096K, used 3890K [0x00000000eab00000, 0x00000000eb000000, 0x0000000100000000)
  eden space 3072K, 100% used [0x00000000eab00000,0x00000000eae00000,0x00000000eae00000)
  from space 1024K, 79% used [0x00000000eaf00000,0x00000000eafcc980,0x00000000eb000000)
  to   space 1024K, 0% used [0x00000000eae00000,0x00000000eae00000,0x00000000eaf00000)
 ParOldGen       total 226304K, used 226199K [0x00000000c0000000, 0x00000000cdd00000, 0x00000000eab00000)
  object space 226304K, 99% used [0x00000000c0000000,0x00000000cdce5df0,0x00000000cdd00000)
 Metaspace       used 63649K, committed 65088K, reserved 1114112K
  class space    used 6507K, committed 7168K, reserved 1048576K
}
Event: 75.742 GC heap after
{Heap after GC invocations=292 (full 3):
 PSYoungGen      total 4096K, used 882K [0x00000000eab00000, 0x00000000eb000000, 0x0000000100000000)
  eden space 3072K, 0% used [0x00000000eab00000,0x00000000eab00000,0x00000000eae00000)
  from space 1024K, 86% used [0x00000000eae00000,0x00000000eaedca08,0x00000000eaf00000)
  to   space 1024K, 0% used [0x00000000eaf00000,0x00000000eaf00000,0x00000000eb000000)
 ParOldGen       total 227328K, used 226922K [0x00000000c0000000, 0x00000000cde00000, 0x00000000eab00000)
  object space 227328K, 99% used [0x00000000c0000000,0x00000000cdd9a8f8,0x00000000cde00000)
 Metaspace       used 63649K, committed 65088K, reserved 1114112K
  class space    used 6507K, committed 7168K, reserved 1048576K
}
Event: 75.836 GC heap before
{Heap before GC invocations=293 (full 3):
 PSYoungGen      total 4096K, used 3954K [0x00000000eab00000, 0x00000000eb000000, 0x0000000100000000)
  eden space 3072K, 100% used [0x00000000eab00000,0x00000000eae00000,0x00000000eae00000)
  from space 1024K, 86% used [0x00000000eae00000,0x00000000eaedca08,0x00000000eaf00000)
  to   space 1024K, 0% used [0x00000000eaf00000,0x00000000eaf00000,0x00000000eb000000)
 ParOldGen       total 227328K, used 226922K [0x00000000c0000000, 0x00000000cde00000, 0x00000000eab00000)
  object space 227328K, 99% used [0x00000000c0000000,0x00000000cdd9a8f8,0x00000000cde00000)
 Metaspace       used 63650K, committed 65088K, reserved 1114112K
  class space    used 6507K, committed 7168K, reserved 1048576K
}
Event: 75.839 GC heap after
{Heap after GC invocations=293 (full 3):
 PSYoungGen      total 4096K, used 920K [0x00000000eab00000, 0x00000000eb000000, 0x0000000100000000)
  eden space 3072K, 0% used [0x00000000eab00000,0x00000000eab00000,0x00000000eae00000)
  from space 1024K, 89% used [0x00000000eaf00000,0x00000000eafe6328,0x00000000eb000000)
  to   space 1024K, 0% used [0x00000000eae00000,0x00000000eae00000,0x00000000eaf00000)
 ParOldGen       total 227840K, used 227712K [0x00000000c0000000, 0x00000000cde80000, 0x00000000eab00000)
  object space 227840K, 99% used [0x00000000c0000000,0x00000000cde60140,0x00000000cde80000)
 Metaspace       used 63650K, committed 65088K, reserved 1114112K
  class space    used 6507K, committed 7168K, reserved 1048576K
}
Event: 75.904 GC heap before
{Heap before GC invocations=294 (full 3):
 PSYoungGen      total 4096K, used 3992K [0x00000000eab00000, 0x00000000eb000000, 0x0000000100000000)
  eden space 3072K, 100% used [0x00000000eab00000,0x00000000eae00000,0x00000000eae00000)
  from space 1024K, 89% used [0x00000000eaf00000,0x00000000eafe6328,0x00000000eb000000)
  to   space 1024K, 0% used [0x00000000eae00000,0x00000000eae00000,0x00000000eaf00000)
 ParOldGen       total 227840K, used 227712K [0x00000000c0000000, 0x00000000cde80000, 0x00000000eab00000)
  object space 227840K, 99% used [0x00000000c0000000,0x00000000cde60140,0x00000000cde80000)
 Metaspace       used 63651K, committed 65088K, reserved 1114112K
  class space    used 6507K, committed 7168K, reserved 1048576K
}
Event: 75.908 GC heap after
{Heap after GC invocations=294 (full 3):
 PSYoungGen      total 4096K, used 724K [0x00000000eab00000, 0x00000000eb000000, 0x0000000100000000)
  eden space 3072K, 0% used [0x00000000eab00000,0x00000000eab00000,0x00000000eae00000)
  from space 1024K, 70% used [0x00000000eae00000,0x00000000eaeb50b8,0x00000000eaf00000)
  to   space 1024K, 0% used [0x00000000eaf00000,0x00000000eaf00000,0x00000000eb000000)
 ParOldGen       total 228864K, used 228494K [0x00000000c0000000, 0x00000000cdf80000, 0x00000000eab00000)
  object space 228864K, 99% used [0x00000000c0000000,0x00000000cdf23ac0,0x00000000cdf80000)
 Metaspace       used 63651K, committed 65088K, reserved 1114112K
  class space    used 6507K, committed 7168K, reserved 1048576K
}

